app/build/intermediates/manifest_merge_blame_file/debug/manifest-merger-blame-debug-report.txt
1<?xml version="1.0" encoding="utf-8"?>
2<manifest xmlns:android="http://schemas.android.com/apk/res/android"
3    package="com.example.cocktailmania"
4    android:versionCode="1"
5    android:versionName="1.0" >
6
7    <uses-sdk
8        android:minSdkVersion="21"
8-->src\main\AndroidManifest.xml
9        android:targetSdkVersion="30" />
9-->src\main\AndroidManifest.xml
10
11    <application
11-->src\main\AndroidManifest.xml:5:5-30:19
12        android:allowBackup="true"
12-->src\main\AndroidManifest.xml:6:9-35
13        android:appComponentFactory="androidx.core.app.CoreComponentFactory"
13-->[androidx.core:core:1.5.0] AndroidManifest.xml:24:18-86
14        android:debuggable="true"
15        android:hardwareAccelerated="false"
15-->src\main\AndroidManifest.xml:7:9-44
16        android:icon="@mipmap/ic_launcher"
16-->src\main\AndroidManifest.xml:8:9-43
17        android:label="@string/app_name"
17-->src\main\AndroidManifest.xml:9:9-41
18        android:largeHeap="true"
18-->src\main\AndroidManifest.xml:10:9-33
19        android:roundIcon="@mipmap/ic_launcher_round"
19-->src\main\AndroidManifest.xml:11:9-54
20        android:supportsRtl="true"
20-->src\main\AndroidManifest.xml:12:9-35
21        android:testOnly="true"
22        android:theme="@style/Theme.CocktailMania" >
22-->src\main\AndroidManifest.xml:13:9-51
23        <activity android:name="com.example.cocktailmania.cocktail.StrumActivity" />
23-->src\main\AndroidManifest.xml:14:9-59
23-->src\main\AndroidManifest.xml:14:19-57
24        <activity android:name="com.example.cocktailmania.book.MyCocktail" />
24-->src\main\AndroidManifest.xml:15:9-53
24-->src\main\AndroidManifest.xml:15:19-50
25        <activity android:name="com.example.cocktailmania.naviga.start" >
25-->src\main\AndroidManifest.xml:16:9-22:20
25-->src\main\AndroidManifest.xml:16:19-47
26            <intent-filter>
26-->src\main\AndroidManifest.xml:17:13-21:29
27                <action android:name="android.intent.action.MAIN" />
27-->src\main\AndroidManifest.xml:18:17-69
27-->src\main\AndroidManifest.xml:18:25-66
28
29                <category android:name="android.intent.category.LAUNCHER" />
29-->src\main\AndroidManifest.xml:20:17-77
29-->src\main\AndroidManifest.xml:20:27-74
30            </intent-filter>
31        </activity>
32        <activity android:name="com.example.cocktailmania.cocktail.CocktailModule" />
32-->src\main\AndroidManifest.xml:23:9-61
32-->src\main\AndroidManifest.xml:23:19-58
33        <activity android:name="com.example.cocktailmania.ingredient.IngredientModule" />
33-->src\main\AndroidManifest.xml:24:9-65
33-->src\main\AndroidManifest.xml:24:19-62
34        <activity android:name="com.example.cocktailmania.book.BookActivity" />
34-->src\main\AndroidManifest.xml:25:9-55
34-->src\main\AndroidManifest.xml:25:19-52
35        <activity android:name="com.example.cocktailmania.cocktail.CocktailActivity" />
35-->src\main\AndroidManifest.xml:26:9-63
35-->src\main\AndroidManifest.xml:26:19-60
36        <activity android:name="com.example.cocktailmania.ingredient.IngredientActivity" />
36-->src\main\AndroidManifest.xml:27:9-67
36-->src\main\AndroidManifest.xml:27:19-64
37        <activity android:name="com.example.cocktailmania.naviga.MainActivity" />
37-->src\main\AndroidManifest.xml:28:9-57
37-->src\main\AndroidManifest.xml:28:19-54
38        <activity android:name="com.example.cocktailmania.naviga.TypeCocktailList" />
38-->src\main\AndroidManifest.xml:29:9-61
38-->src\main\AndroidManifest.xml:29:19-58
39    </application>
40
41</manifest>